{"level":"INFO","message":"[3:37:42.356 PM]: Creating new connection object"}
{"level":"INFO","message":"[3:37:42.374 PM]: Creating Connection[id: e64ad4d4-8a5d-488c-986a-be2c873f7285] with host: EMEA_DATA.snowflakecomputing.com, account: EMEA_DATA, accessUrl: https://EMEA_DATA.snowflakecomputing.com, user: TECH_DCF_PROD_MONITOR_BI, role: undefined, database: TECH_DCF_PROD, schema: DMT_MONITOR, warehouse: tech_dcf_prod_wh_monitor_bi_proc, proxy was not configured, password is provided, region: undefined, authenticator: SNOWFLAKE, ocsp mode: FAIL_OPEN, os: linux, os version: 6.8.0-1021-azure"}
{"level":"INFO","message":"[3:37:42.375 PM]: Connection[id: e64ad4d4-8a5d-488c-986a-be2c873f7285] additional details: passcode in password is provided, passcode is not provided, private key is not provided, application: undefined, client name: snowflake-sdk, client version: 2.0.3, retry timeout: 300, private key path: undefined, private key pass is not provided, client store temporary credential: false, browser response timeout: 120000"}
{"level":"INFO","message":"[3:37:42.375 PM]: Connection[id: e64ad4d4-8a5d-488c-986a-be2c873f7285] - connection object created successfully."}
{"level":"INFO","message":"[3:37:42.376 PM]: Connection[id: e64ad4d4-8a5d-488c-986a-be2c873f7285] - connecting. Associated Snowflake domain: GLOBAL"}
{"level":"INFO","message":"[3:37:42.379 PM]: Connection[id: e64ad4d4-8a5d-488c-986a-be2c873f7285] - authentication successful using: SNOWFLAKE"}
{"level":"INFO","message":"[3:37:42.381 PM]: Trying to initialize Easy Logging"}
{"level":"INFO","message":"[3:37:42.388 PM]: No client config detected."}
{"level":"INFO","message":"[3:37:42.389 PM]: No config file path found. Client config will not be used."}
{"level":"INFO","message":"[3:37:42.390 PM]: Easy Logging is disabled as no config has been found"}
{"level":"INFO","message":"[3:37:42.397 PM]: Connection[id: e64ad4d4-8a5d-488c-986a-be2c873f7285] - connected successfully after 21.154913999999962 milliseconds"}
{"level":"INFO","message":"[3:41:10.665 PM]: Creating new connection object"}
{"level":"INFO","message":"[3:41:10.674 PM]: Creating Connection[id: c1d97e1b-50b5-47a9-89fd-065116a242d6] with host: EMEA_DATA.snowflakecomputing.com, account: EMEA_DATA, accessUrl: https://EMEA_DATA.snowflakecomputing.com, user: TECH_DCF_PROD_MONITOR_BI, role: TECH_DCF_PROD_WH_MONITOR_BI_PROC, database: TECH_DCF_PROD, schema: DMT_MONITOR, warehouse: tech_dcf_prod_wh_monitor_bi_proc, proxy was not configured, password is provided, region: undefined, authenticator: SNOWFLAKE, ocsp mode: FAIL_OPEN, os: linux, os version: 6.8.0-1021-azure"}
{"level":"INFO","message":"[3:41:10.675 PM]: Connection[id: c1d97e1b-50b5-47a9-89fd-065116a242d6] additional details: passcode in password is provided, passcode is not provided, private key is not provided, application: undefined, client name: snowflake-sdk, client version: 2.0.3, retry timeout: 300, private key path: undefined, private key pass is not provided, client store temporary credential: false, browser response timeout: 120000"}
{"level":"INFO","message":"[3:41:10.675 PM]: Connection[id: c1d97e1b-50b5-47a9-89fd-065116a242d6] - connection object created successfully."}
{"level":"INFO","message":"[3:41:10.676 PM]: Connection[id: c1d97e1b-50b5-47a9-89fd-065116a242d6] - connecting. Associated Snowflake domain: GLOBAL"}
{"level":"INFO","message":"[3:41:10.682 PM]: Connection[id: c1d97e1b-50b5-47a9-89fd-065116a242d6] - authentication successful using: SNOWFLAKE"}
{"level":"INFO","message":"[3:41:10.682 PM]: Trying to initialize Easy Logging"}
{"level":"INFO","message":"[3:41:10.685 PM]: No client config detected."}
{"level":"INFO","message":"[3:41:10.686 PM]: No config file path found. Client config will not be used."}
{"level":"INFO","message":"[3:41:10.686 PM]: Easy Logging is disabled as no config has been found"}
{"level":"INFO","message":"[3:41:10.691 PM]: Connection[id: c1d97e1b-50b5-47a9-89fd-065116a242d6] - connected successfully after 15.392817999999977 milliseconds"}
